
*** Running vivado
    with args -log displayAdder.vds -m64 -product Vivado -mode batch -messageDb vivado.pb -notrace -source displayAdder.tcl


****** Vivado v2017.3 (64-bit)
  **** SW Build 2018833 on Wed Oct  4 19:58:22 MDT 2017
  **** IP Build 2016188 on Wed Oct  4 21:52:56 MDT 2017
    ** Copyright 1986-2017 Xilinx, Inc. All Rights Reserved.

source displayAdder.tcl -notrace
Command: synth_design -top displayAdder -part xc7a35tcpg236-1
Starting synth_design
Attempting to get a license for feature 'Synthesis' and/or device 'xc7a35t'
INFO: [Common 17-349] Got license for feature 'Synthesis' and/or device 'xc7a35t'
INFO: Launching helper process for spawning children vivado processes
INFO: Helper process launched with PID 16732 
---------------------------------------------------------------------------------
Starting RTL Elaboration : Time (s): cpu = 00:00:06 ; elapsed = 00:00:06 . Memory (MB): peak = 344.707 ; gain = 94.230
---------------------------------------------------------------------------------
INFO: [Synth 8-638] synthesizing module 'displayAdder' [C:/Users/tuamy/Documents/GitHub/EE89-Poj1/willWork/willWork.srcs/sources_1/imports/Verilog Code/dassign1_1.v:83]
INFO: [Synth 8-638] synthesizing module 'fa5' [C:/Users/tuamy/Documents/GitHub/EE89-Poj1/willWork/willWork.srcs/sources_1/imports/Verilog Code/dassign1_1.v:50]
INFO: [Synth 8-638] synthesizing module 'fa' [C:/Users/tuamy/Documents/GitHub/EE89-Poj1/willWork/willWork.srcs/sources_1/imports/Verilog Code/dassign1_1.v:36]
INFO: [Synth 8-638] synthesizing module 'fa_gate_1' [C:/Users/tuamy/Documents/GitHub/EE89-Poj1/willWork/willWork.srcs/sources_1/imports/Verilog Code/dassign1_1.v:21]
INFO: [Synth 8-256] done synthesizing module 'fa_gate_1' (1#1) [C:/Users/tuamy/Documents/GitHub/EE89-Poj1/willWork/willWork.srcs/sources_1/imports/Verilog Code/dassign1_1.v:21]
INFO: [Synth 8-638] synthesizing module 'fa_gate_2' [C:/Users/tuamy/Documents/GitHub/EE89-Poj1/willWork/willWork.srcs/sources_1/imports/Verilog Code/dassign1_1.v:28]
INFO: [Synth 8-256] done synthesizing module 'fa_gate_2' (2#1) [C:/Users/tuamy/Documents/GitHub/EE89-Poj1/willWork/willWork.srcs/sources_1/imports/Verilog Code/dassign1_1.v:28]
INFO: [Synth 8-638] synthesizing module 'inverter' [C:/Users/tuamy/Documents/GitHub/EE89-Poj1/willWork/willWork.srcs/sources_1/imports/Verilog Code/dassign1_1.v:14]
INFO: [Synth 8-256] done synthesizing module 'inverter' (3#1) [C:/Users/tuamy/Documents/GitHub/EE89-Poj1/willWork/willWork.srcs/sources_1/imports/Verilog Code/dassign1_1.v:14]
INFO: [Synth 8-256] done synthesizing module 'fa' (4#1) [C:/Users/tuamy/Documents/GitHub/EE89-Poj1/willWork/willWork.srcs/sources_1/imports/Verilog Code/dassign1_1.v:36]
INFO: [Synth 8-256] done synthesizing module 'fa5' (5#1) [C:/Users/tuamy/Documents/GitHub/EE89-Poj1/willWork/willWork.srcs/sources_1/imports/Verilog Code/dassign1_1.v:50]
INFO: [Synth 8-226] default block is never used [C:/Users/tuamy/Documents/GitHub/EE89-Poj1/willWork/willWork.srcs/sources_1/imports/Verilog Code/dassign1_1.v:94]
INFO: [Synth 8-256] done synthesizing module 'displayAdder' (6#1) [C:/Users/tuamy/Documents/GitHub/EE89-Poj1/willWork/willWork.srcs/sources_1/imports/Verilog Code/dassign1_1.v:83]
---------------------------------------------------------------------------------
Finished RTL Elaboration : Time (s): cpu = 00:00:07 ; elapsed = 00:00:07 . Memory (MB): peak = 385.789 ; gain = 135.313
---------------------------------------------------------------------------------

Report Check Netlist: 
+------+------------------+-------+---------+-------+------------------+
|      |Item              |Errors |Warnings |Status |Description       |
+------+------------------+-------+---------+-------+------------------+
|1     |multi_driven_nets |      0|        0|Passed |Multi driven nets |
+------+------------------+-------+---------+-------+------------------+
---------------------------------------------------------------------------------
Finished RTL Optimization Phase 1 : Time (s): cpu = 00:00:07 ; elapsed = 00:00:07 . Memory (MB): peak = 385.789 ; gain = 135.313
---------------------------------------------------------------------------------
INFO: [Device 21-403] Loading part xc7a35tcpg236-1
INFO: [Project 1-570] Preparing netlist for logic optimization

Processing XDC Constraints
Initializing timing engine
Parsing XDC File [C:/Users/tuamy/Documents/GitHub/EE89-Poj1/willWork/willWork.srcs/constrs_1/new/numberDisplay.xdc]
WARNING: [Vivado 12-584] No ports matched 'clk'. [C:/Users/tuamy/Documents/GitHub/EE89-Poj1/willWork/willWork.srcs/constrs_1/new/numberDisplay.xdc:7]
CRITICAL WARNING: [Common 17-55] 'set_property' expects at least one object. [C:/Users/tuamy/Documents/GitHub/EE89-Poj1/willWork/willWork.srcs/constrs_1/new/numberDisplay.xdc:7]
Resolution: If [get_<value>] was used to populate the object, check to make sure this command returns at least one valid object.
WARNING: [Vivado 12-584] No ports matched 'clk'. [C:/Users/tuamy/Documents/GitHub/EE89-Poj1/willWork/willWork.srcs/constrs_1/new/numberDisplay.xdc:8]
CRITICAL WARNING: [Common 17-55] 'set_property' expects at least one object. [C:/Users/tuamy/Documents/GitHub/EE89-Poj1/willWork/willWork.srcs/constrs_1/new/numberDisplay.xdc:8]
Resolution: If [get_<value>] was used to populate the object, check to make sure this command returns at least one valid object.
WARNING: [Vivado 12-584] No ports matched 'clk'. [C:/Users/tuamy/Documents/GitHub/EE89-Poj1/willWork/willWork.srcs/constrs_1/new/numberDisplay.xdc:9]
CRITICAL WARNING: [Vivado 12-4739] create_clock:No valid object(s) found for '-objects [get_ports clk]'. [C:/Users/tuamy/Documents/GitHub/EE89-Poj1/willWork/willWork.srcs/constrs_1/new/numberDisplay.xdc:9]
Resolution: Check if the specified object(s) exists in the current design. If it does, ensure that the correct design hierarchy was specified for the object. If you are working with clocks, make sure create_clock was used to create the clock object before it is referenced.
Finished Parsing XDC File [C:/Users/tuamy/Documents/GitHub/EE89-Poj1/willWork/willWork.srcs/constrs_1/new/numberDisplay.xdc]
INFO: [Project 1-236] Implementation specific constraints were found while reading constraint file [C:/Users/tuamy/Documents/GitHub/EE89-Poj1/willWork/willWork.srcs/constrs_1/new/numberDisplay.xdc]. These constraints will be ignored for synthesis but will be used in implementation. Impacted constraints are listed in the file [.Xil/displayAdder_propImpl.xdc].
Resolution: To avoid this warning, move constraints listed in [.Xil/displayAdder_propImpl.xdc] to another XDC file and exclude this new file from synthesis with the used_in_synthesis property (File Properties dialog in GUI) and re-run elaboration/synthesis.
Completed Processing XDC Constraints

INFO: [Project 1-111] Unisim Transformation Summary:
No Unisim elements were transformed.

Constraint Validation Runtime : Time (s): cpu = 00:00:00 ; elapsed = 00:00:00.003 . Memory (MB): peak = 682.367 ; gain = 0.000
---------------------------------------------------------------------------------
Finished Constraint Validation : Time (s): cpu = 00:00:18 ; elapsed = 00:00:18 . Memory (MB): peak = 682.367 ; gain = 431.891
---------------------------------------------------------------------------------
---------------------------------------------------------------------------------
Start Loading Part and Timing Information
---------------------------------------------------------------------------------
Loading part: xc7a35tcpg236-1
---------------------------------------------------------------------------------
Finished Loading Part and Timing Information : Time (s): cpu = 00:00:18 ; elapsed = 00:00:18 . Memory (MB): peak = 682.367 ; gain = 431.891
---------------------------------------------------------------------------------
---------------------------------------------------------------------------------
Start Applying 'set_property' XDC Constraints
---------------------------------------------------------------------------------
---------------------------------------------------------------------------------
Finished applying 'set_property' XDC Constraints : Time (s): cpu = 00:00:18 ; elapsed = 00:00:18 . Memory (MB): peak = 682.367 ; gain = 431.891
---------------------------------------------------------------------------------
---------------------------------------------------------------------------------
Finished RTL Optimization Phase 2 : Time (s): cpu = 00:00:18 ; elapsed = 00:00:19 . Memory (MB): peak = 682.367 ; gain = 431.891
---------------------------------------------------------------------------------

Report RTL Partitions: 
+-+--------------+------------+----------+
| |RTL Partition |Replication |Instances |
+-+--------------+------------+----------+
+-+--------------+------------+----------+
---------------------------------------------------------------------------------
Start RTL Component Statistics 
---------------------------------------------------------------------------------
Detailed RTL Component Info : 
+---Muxes : 
	   8 Input      7 Bit        Muxes := 1     
---------------------------------------------------------------------------------
Finished RTL Component Statistics 
---------------------------------------------------------------------------------
---------------------------------------------------------------------------------
Start RTL Hierarchical Component Statistics 
---------------------------------------------------------------------------------
Hierarchical RTL Component report 
Module displayAdder 
Detailed RTL Component Info : 
+---Muxes : 
	   8 Input      7 Bit        Muxes := 1     
---------------------------------------------------------------------------------
Finished RTL Hierarchical Component Statistics
---------------------------------------------------------------------------------
---------------------------------------------------------------------------------
Start Part Resource Summary
---------------------------------------------------------------------------------
Part Resources:
DSPs: 90 (col length:60)
BRAMs: 100 (col length: RAMB18 60 RAMB36 30)
---------------------------------------------------------------------------------
Finished Part Resource Summary
---------------------------------------------------------------------------------
---------------------------------------------------------------------------------
Start Cross Boundary and Area Optimization
---------------------------------------------------------------------------------
---------------------------------------------------------------------------------
Finished Cross Boundary and Area Optimization : Time (s): cpu = 00:00:19 ; elapsed = 00:00:19 . Memory (MB): peak = 682.367 ; gain = 431.891
---------------------------------------------------------------------------------

Report RTL Partitions: 
+-+--------------+------------+----------+
| |RTL Partition |Replication |Instances |
+-+--------------+------------+----------+
+-+--------------+------------+----------+
---------------------------------------------------------------------------------
Start Applying XDC Timing Constraints
---------------------------------------------------------------------------------
---------------------------------------------------------------------------------
Finished Applying XDC Timing Constraints : Time (s): cpu = 00:00:29 ; elapsed = 00:00:30 . Memory (MB): peak = 682.367 ; gain = 431.891
---------------------------------------------------------------------------------
---------------------------------------------------------------------------------
Start Timing Optimization
---------------------------------------------------------------------------------
---------------------------------------------------------------------------------
Finished Timing Optimization : Time (s): cpu = 00:00:29 ; elapsed = 00:00:30 . Memory (MB): peak = 682.367 ; gain = 431.891
---------------------------------------------------------------------------------

Report RTL Partitions: 
+-+--------------+------------+----------+
| |RTL Partition |Replication |Instances |
+-+--------------+------------+----------+
+-+--------------+------------+----------+
---------------------------------------------------------------------------------
Start Technology Mapping
---------------------------------------------------------------------------------
---------------------------------------------------------------------------------
Finished Technology Mapping : Time (s): cpu = 00:00:29 ; elapsed = 00:00:30 . Memory (MB): peak = 682.367 ; gain = 431.891
---------------------------------------------------------------------------------

Report RTL Partitions: 
+-+--------------+------------+----------+
| |RTL Partition |Replication |Instances |
+-+--------------+------------+----------+
+-+--------------+------------+----------+
---------------------------------------------------------------------------------
Start IO Insertion
---------------------------------------------------------------------------------
---------------------------------------------------------------------------------
Start Flattening Before IO Insertion
---------------------------------------------------------------------------------
---------------------------------------------------------------------------------
Finished Flattening Before IO Insertion
---------------------------------------------------------------------------------
---------------------------------------------------------------------------------
Start Final Netlist Cleanup
---------------------------------------------------------------------------------
---------------------------------------------------------------------------------
Finished Final Netlist Cleanup
---------------------------------------------------------------------------------
---------------------------------------------------------------------------------
Finished IO Insertion : Time (s): cpu = 00:00:30 ; elapsed = 00:00:31 . Memory (MB): peak = 682.367 ; gain = 431.891
---------------------------------------------------------------------------------

Report Check Netlist: 
+------+------------------+-------+---------+-------+------------------+
|      |Item              |Errors |Warnings |Status |Description       |
+------+------------------+-------+---------+-------+------------------+
|1     |multi_driven_nets |      0|        0|Passed |Multi driven nets |
+------+------------------+-------+---------+-------+------------------+
---------------------------------------------------------------------------------
Start Renaming Generated Instances
---------------------------------------------------------------------------------
---------------------------------------------------------------------------------
Finished Renaming Generated Instances : Time (s): cpu = 00:00:30 ; elapsed = 00:00:31 . Memory (MB): peak = 682.367 ; gain = 431.891
---------------------------------------------------------------------------------

Report RTL Partitions: 
+-+--------------+------------+----------+
| |RTL Partition |Replication |Instances |
+-+--------------+------------+----------+
+-+--------------+------------+----------+
---------------------------------------------------------------------------------
Start Rebuilding User Hierarchy
---------------------------------------------------------------------------------
---------------------------------------------------------------------------------
Finished Rebuilding User Hierarchy : Time (s): cpu = 00:00:30 ; elapsed = 00:00:31 . Memory (MB): peak = 682.367 ; gain = 431.891
---------------------------------------------------------------------------------
---------------------------------------------------------------------------------
Start Renaming Generated Ports
---------------------------------------------------------------------------------
---------------------------------------------------------------------------------
Finished Renaming Generated Ports : Time (s): cpu = 00:00:30 ; elapsed = 00:00:31 . Memory (MB): peak = 682.367 ; gain = 431.891
---------------------------------------------------------------------------------
---------------------------------------------------------------------------------
Start Handling Custom Attributes
---------------------------------------------------------------------------------
---------------------------------------------------------------------------------
Finished Handling Custom Attributes : Time (s): cpu = 00:00:30 ; elapsed = 00:00:31 . Memory (MB): peak = 682.367 ; gain = 431.891
---------------------------------------------------------------------------------
---------------------------------------------------------------------------------
Start Renaming Generated Nets
---------------------------------------------------------------------------------
---------------------------------------------------------------------------------
Finished Renaming Generated Nets : Time (s): cpu = 00:00:30 ; elapsed = 00:00:31 . Memory (MB): peak = 682.367 ; gain = 431.891
---------------------------------------------------------------------------------
---------------------------------------------------------------------------------
Start Writing Synthesis Report
---------------------------------------------------------------------------------

Report BlackBoxes: 
+-+--------------+----------+
| |BlackBox name |Instances |
+-+--------------+----------+
+-+--------------+----------+

Report Cell Usage: 
+------+-----+------+
|      |Cell |Count |
+------+-----+------+
|1     |LUT3 |     2|
|2     |LUT6 |     7|
|3     |IBUF |     7|
|4     |OBUF |     7|
+------+-----+------+

Report Instance Areas: 
+------+---------+-------+------+
|      |Instance |Module |Cells |
+------+---------+-------+------+
|1     |top      |       |    23|
+------+---------+-------+------+
---------------------------------------------------------------------------------
Finished Writing Synthesis Report : Time (s): cpu = 00:00:30 ; elapsed = 00:00:31 . Memory (MB): peak = 682.367 ; gain = 431.891
---------------------------------------------------------------------------------
Synthesis finished with 0 errors, 0 critical warnings and 0 warnings.
Synthesis Optimization Runtime : Time (s): cpu = 00:00:18 ; elapsed = 00:00:26 . Memory (MB): peak = 682.367 ; gain = 135.313
Synthesis Optimization Complete : Time (s): cpu = 00:00:30 ; elapsed = 00:00:31 . Memory (MB): peak = 682.367 ; gain = 431.891
INFO: [Project 1-571] Translating synthesized netlist
INFO: [Netlist 29-17] Analyzing 7 Unisim elements for replacement
INFO: [Netlist 29-28] Unisim Transformation completed in 0 CPU seconds
INFO: [Project 1-570] Preparing netlist for logic optimization
INFO: [Opt 31-138] Pushed 0 inverter(s) to 0 load pin(s).
INFO: [Project 1-111] Unisim Transformation Summary:
No Unisim elements were transformed.

INFO: [Common 17-83] Releasing license: Synthesis
25 Infos, 3 Warnings, 3 Critical Warnings and 0 Errors encountered.
synth_design completed successfully
synth_design: Time (s): cpu = 00:00:31 ; elapsed = 00:00:32 . Memory (MB): peak = 682.367 ; gain = 444.254
INFO: [Common 17-1381] The checkpoint 'C:/Users/tuamy/Documents/GitHub/EE89-Poj1/willWork/willWork.runs/synth_1/displayAdder.dcp' has been generated.
INFO: [runtcl-4] Executing : report_utilization -file displayAdder_utilization_synth.rpt -pb display_utilization_synth.pb
report_utilization: Time (s): cpu = 00:00:00 ; elapsed = 00:00:00.025 . Memory (MB): peak = 682.367 ; gain = 0.000
INFO: [Common 17-206] Exiting Vivado at Thu Nov  2 12:20:11 2017...
